[debug] [2022-10-20T15:55:21.892Z] ----------------------------------------------------------------------
[debug] [2022-10-20T15:55:21.896Z] Command:       C:\Program Files\nodejs\node.exe C:\Users\alen\AppData\Roaming\npm\node_modules\firebase-tools\lib\bin\firebase.js init
[debug] [2022-10-20T15:55:21.897Z] CLI Version:   11.15.0
[debug] [2022-10-20T15:55:21.897Z] Platform:      win32
[debug] [2022-10-20T15:55:21.897Z] Node Version:  v16.18.0
[debug] [2022-10-20T15:55:21.898Z] Time:          Thu Oct 20 2022 17:55:21 GMT+0200 (Central European Summer Time)
[debug] [2022-10-20T15:55:21.899Z] ----------------------------------------------------------------------
[debug] 
[debug] [2022-10-20T15:55:21.912Z] > command requires scopes: ["email","openid","https://www.googleapis.com/auth/cloudplatformprojects.readonly","https://www.googleapis.com/auth/firebase","https://www.googleapis.com/auth/cloud-platform"]
[debug] [2022-10-20T15:55:21.913Z] > authorizing via signed-in user (webdev.northeast@gmail.com)
[info] 
     ######## #### ########  ######## ########     ###     ######  ########
     ##        ##  ##     ## ##       ##     ##  ##   ##  ##       ##
     ######    ##  ########  ######   ########  #########  ######  ######
     ##        ##  ##    ##  ##       ##     ## ##     ##       ## ##
     ##       #### ##     ## ######## ########  ##     ##  ######  ########

You're about to initialize a Firebase project in this directory:

  C:\Users\alen\Documents\GIT PROJECTS\react-chat-firebase

[info] 
=== Project Setup
[info] 
[info] First, let's associate this project directory with a Firebase project.
[info] You can create multiple project aliases by running firebase use --add, 
[info] but for now we'll just set up a default project.
[info] 
[debug] [2022-10-20T15:55:37.165Z] > refreshing access token with scopes: []
[debug] [2022-10-20T15:55:37.168Z] >>> [apiv2][query] POST https://www.googleapis.com/oauth2/v3/token [none]
[debug] [2022-10-20T15:55:37.168Z] >>> [apiv2][body] POST https://www.googleapis.com/oauth2/v3/token [omitted]
[debug] [2022-10-20T15:55:37.523Z] <<< [apiv2][status] POST https://www.googleapis.com/oauth2/v3/token 200
[debug] [2022-10-20T15:55:37.523Z] <<< [apiv2][body] POST https://www.googleapis.com/oauth2/v3/token [omitted]
[debug] [2022-10-20T15:55:37.592Z] >>> [apiv2][query] GET https://firebase.googleapis.com/v1beta1/projects pageSize=100
[debug] [2022-10-20T15:55:38.271Z] <<< [apiv2][status] GET https://firebase.googleapis.com/v1beta1/projects 200
[debug] [2022-10-20T15:55:38.272Z] <<< [apiv2][body] GET https://firebase.googleapis.com/v1beta1/projects [omitted]
[info] i  Using project react-chat-ea7cb (react-chat) 
[info] 
=== Firestore Setup
[debug] [2022-10-20T15:55:40.001Z] >>> [apiv2][query] GET https://serviceusage.googleapis.com/v1/projects/react-chat-ea7cb/services/firestore.googleapis.com [none]
[debug] [2022-10-20T15:55:40.001Z] >>> [apiv2][(partial)header] GET https://serviceusage.googleapis.com/v1/projects/react-chat-ea7cb/services/firestore.googleapis.com x-goog-quota-user=projects/react-chat-ea7cb
[debug] [2022-10-20T15:55:41.230Z] <<< [apiv2][status] GET https://serviceusage.googleapis.com/v1/projects/react-chat-ea7cb/services/firestore.googleapis.com 200
[debug] [2022-10-20T15:55:41.230Z] <<< [apiv2][body] GET https://serviceusage.googleapis.com/v1/projects/react-chat-ea7cb/services/firestore.googleapis.com [omitted]
[debug] [2022-10-20T15:55:41.232Z] >>> [apiv2][query] GET https://appengine.googleapis.com/v1/apps/react-chat-ea7cb [none]
[debug] [2022-10-20T15:55:41.725Z] <<< [apiv2][status] GET https://appengine.googleapis.com/v1/apps/react-chat-ea7cb 200
[debug] [2022-10-20T15:55:41.726Z] <<< [apiv2][body] GET https://appengine.googleapis.com/v1/apps/react-chat-ea7cb {"name":"apps/react-chat-ea7cb","id":"react-chat-ea7cb","authDomain":"gmail.com","locationId":"europe-west","codeBucket":"staging.react-chat-ea7cb.appspot.com","servingStatus":"SERVING","defaultHostname":"react-chat-ea7cb.ew.r.appspot.com","defaultBucket":"react-chat-ea7cb.appspot.com","serviceAccount":"react-chat-ea7cb@appspot.gserviceaccount.com","gcrDomain":"eu.gcr.io","databaseType":"CLOUD_FIRESTORE","featureSettings":{"splitHealthChecks":true,"useContainerOptimizedOs":true}}
[debug] [2022-10-20T15:55:41.726Z] database_type: CLOUD_FIRESTORE
[debug] [2022-10-20T15:55:41.728Z] > command requires scopes: ["email","openid","https://www.googleapis.com/auth/cloudplatformprojects.readonly","https://www.googleapis.com/auth/firebase","https://www.googleapis.com/auth/cloud-platform"]
[debug] [2022-10-20T15:55:41.729Z] > authorizing via signed-in user (webdev.northeast@gmail.com)
[debug] [2022-10-20T15:55:41.729Z] [iam] checking project react-chat-ea7cb for permissions ["firebase.projects.get"]
[debug] [2022-10-20T15:55:41.732Z] >>> [apiv2][query] POST https://cloudresourcemanager.googleapis.com/v1/projects/react-chat-ea7cb:testIamPermissions [none]
[debug] [2022-10-20T15:55:41.732Z] >>> [apiv2][(partial)header] POST https://cloudresourcemanager.googleapis.com/v1/projects/react-chat-ea7cb:testIamPermissions x-goog-quota-user=projects/react-chat-ea7cb
[debug] [2022-10-20T15:55:41.733Z] >>> [apiv2][body] POST https://cloudresourcemanager.googleapis.com/v1/projects/react-chat-ea7cb:testIamPermissions {"permissions":["firebase.projects.get"]}
[debug] [2022-10-20T15:55:42.785Z] <<< [apiv2][status] POST https://cloudresourcemanager.googleapis.com/v1/projects/react-chat-ea7cb:testIamPermissions 200
[debug] [2022-10-20T15:55:42.786Z] <<< [apiv2][body] POST https://cloudresourcemanager.googleapis.com/v1/projects/react-chat-ea7cb:testIamPermissions {"permissions":["firebase.projects.get"]}
[info] 
[info] Firestore Security Rules allow you to define how and when to allow
[info] requests. You can keep these rules in your project directory
[info] and publish them with firebase deploy.
[info] 
[debug] [2022-10-20T15:55:44.821Z] >>> [apiv2][query] GET https://firebaserules.googleapis.com/v1/projects/react-chat-ea7cb/releases pageSize=10&pageToken=
[debug] [2022-10-20T15:55:45.751Z] <<< [apiv2][status] GET https://firebaserules.googleapis.com/v1/projects/react-chat-ea7cb/releases 200
[debug] [2022-10-20T15:55:45.752Z] <<< [apiv2][body] GET https://firebaserules.googleapis.com/v1/projects/react-chat-ea7cb/releases {"releases":[{"name":"projects/react-chat-ea7cb/releases/cloud.firestore","rulesetName":"projects/react-chat-ea7cb/rulesets/6f60ba85-c269-4fdb-aaec-515722928f2c","createTime":"2022-10-20T15:53:22.998276Z","updateTime":"2022-10-20T15:53:22.998276Z"}]}
[debug] [2022-10-20T15:55:45.753Z] Found ruleset: projects/react-chat-ea7cb/rulesets/6f60ba85-c269-4fdb-aaec-515722928f2c
[debug] [2022-10-20T15:55:45.754Z] >>> [apiv2][query] GET https://firebaserules.googleapis.com/v1/projects/react-chat-ea7cb/rulesets/6f60ba85-c269-4fdb-aaec-515722928f2c [none]
[debug] [2022-10-20T15:55:46.147Z] <<< [apiv2][status] GET https://firebaserules.googleapis.com/v1/projects/react-chat-ea7cb/rulesets/6f60ba85-c269-4fdb-aaec-515722928f2c 200
[debug] [2022-10-20T15:55:46.148Z] <<< [apiv2][body] GET https://firebaserules.googleapis.com/v1/projects/react-chat-ea7cb/rulesets/6f60ba85-c269-4fdb-aaec-515722928f2c [omitted]
[info] 
[info] Firestore indexes allow you to perform complex queries while
[info] maintaining performance that scales with the size of the result
[info] set. You can keep index definitions in your project directory
[info] and publish them with firebase deploy.
[info] 
[debug] [2022-10-20T15:55:49.651Z] >>> [apiv2][query] GET https://firestore.googleapis.com/v1/projects/react-chat-ea7cb/databases/(default)/collectionGroups/-/indexes [none]
[debug] [2022-10-20T15:55:49.652Z] >>> [apiv2][query] GET https://firestore.googleapis.com/v1/projects/react-chat-ea7cb/databases/(default)/collectionGroups/-/fields?filter=indexConfig.usesAncestorConfig=false [none]
[debug] [2022-10-20T15:55:50.156Z] <<< [apiv2][status] GET https://firestore.googleapis.com/v1/projects/react-chat-ea7cb/databases/(default)/collectionGroups/-/indexes 200
[debug] [2022-10-20T15:55:50.156Z] <<< [apiv2][body] GET https://firestore.googleapis.com/v1/projects/react-chat-ea7cb/databases/(default)/collectionGroups/-/indexes {}
[debug] [2022-10-20T15:55:50.235Z] <<< [apiv2][status] GET https://firestore.googleapis.com/v1/projects/react-chat-ea7cb/databases/(default)/collectionGroups/-/fields?filter=indexConfig.usesAncestorConfig=false 200
[debug] [2022-10-20T15:55:50.236Z] <<< [apiv2][body] GET https://firestore.googleapis.com/v1/projects/react-chat-ea7cb/databases/(default)/collectionGroups/-/fields?filter=indexConfig.usesAncestorConfig=false {"fields":[{"name":"projects/react-chat-ea7cb/databases/(default)/collectionGroups/__default__/fields/*","indexConfig":{"indexes":[{"queryScope":"COLLECTION","fields":[{"fieldPath":"*","order":"ASCENDING"}],"state":"READY"},{"queryScope":"COLLECTION","fields":[{"fieldPath":"*","order":"DESCENDING"}],"state":"READY"},{"queryScope":"COLLECTION","fields":[{"fieldPath":"*","arrayConfig":"CONTAINS"}],"state":"READY"}]}}]}
[info] 
=== Hosting Setup
[info] 
[info] Your public directory is the folder (relative to your project directory) that
[info] will contain Hosting assets to be uploaded with firebase deploy. If you
[info] have a build process for your assets, use your build's output directory.
[info] 
[debug] [2022-10-20T15:56:01.281Z] >>> [apiv2][query] GET https://www.gstatic.com/firebasejs/releases.json [none]
[debug] [2022-10-20T15:56:01.510Z] <<< [apiv2][status] GET https://www.gstatic.com/firebasejs/releases.json 200
[debug] [2022-10-20T15:56:01.510Z] <<< [apiv2][body] GET https://www.gstatic.com/firebasejs/releases.json {"current":{"version":"9.12.1","browserURL":"https://www.gstatic.com/firebasejs/9.12.1/firebase.js","packageURL":"https://www.gstatic.com/firebasejs/9.12.1/firebase.tgz"},"live":{"version":"9.12","browserURL":"https://www.gstatic.com/firebasejs/live/9.12/firebase.js","packageURL":"https://www.gstatic.com/firebasejs/live/9.12/firebase.tgz"},"components":{"analytics":"https://www.gstatic.com/firebasejs/9.12.1/firebase-analytics.js","app":"https://www.gstatic.com/firebasejs/9.12.1/firebase-app.js","app-check":"https://www.gstatic.com/firebasejs/9.12.1/firebase-app-check.js","auth":"https://www.gstatic.com/firebasejs/9.12.1/firebase-auth.js","auth/cordova":"https://www.gstatic.com/firebasejs/9.12.1/firebase-auth/cordova.js","auth/react-native":"https://www.gstatic.com/firebasejs/9.12.1/firebase-auth/react-native.js","functions":"https://www.gstatic.com/firebasejs/9.12.1/firebase-functions.js","firestore":"https://www.gstatic.com/firebasejs/9.12.1/firebase-firestore.js","firestore/lite":"https://www.gstatic.com/firebasejs/9.12.1/firebase-firestore/lite.js","installations":"https://www.gstatic.com/firebasejs/9.12.1/firebase-installations.js","storage":"https://www.gstatic.com/firebasejs/9.12.1/firebase-storage.js","performance":"https://www.gstatic.com/firebasejs/9.12.1/firebase-performance.js","remote-config":"https://www.gstatic.com/firebasejs/9.12.1/firebase-remote-config.js","messaging":"https://www.gstatic.com/firebasejs/9.12.1/firebase-messaging.js","messaging/sw":"https://www.gstatic.com/firebasejs/9.12.1/firebase-messaging/sw.js","database":"https://www.gstatic.com/firebasejs/9.12.1/firebase-database.js","firestore.memory":"https://www.gstatic.com/firebasejs/9.12.1/firebase-firestore.memory.js"}}
[info] +  Wrote build/index.html 
[info] 
[info] i  Detected a .git folder at C:\Users\alen\Documents\GIT PROJECTS\react-chat-firebase 
[info] i  Authorizing with GitHub to upload your service account to a GitHub repository's secrets store. 
[info] 
[info] Visit this URL on this device to log in:
[info] https://github.com/login/oauth/authorize?client_id=89cf50f02ac6aaed3484&state=412449877&redirect_uri=http%3A%2F%2Flocalhost%3A9005&scope=read%3Auser%20repo%20public_repo
[info] 
[info] Waiting for authentication...
[debug] [2022-10-20T15:56:02.143Z] >>> [apiv2][query] POST https://github.com/login/oauth/access_token [none]
[debug] [2022-10-20T15:56:02.143Z] >>> [apiv2][body] POST https://github.com/login/oauth/access_token [stream]
[debug] [2022-10-20T15:56:02.574Z] <<< [apiv2][status] POST https://github.com/login/oauth/access_token 200
[debug] [2022-10-20T15:56:02.575Z] <<< [apiv2][body] POST https://github.com/login/oauth/access_token {"access_token":"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","token_type":"bearer","scope":"read:user,repo"}
[debug] [2022-10-20T15:56:02.601Z] >>> [apiv2][query] GET https://api.github.com/user [none]
[debug] [2022-10-20T15:56:03.087Z] <<< [apiv2][status] GET https://api.github.com/user 200
[debug] [2022-10-20T15:56:03.087Z] <<< [apiv2][body] GET https://api.github.com/user {"login":"freshbdev","id":116001713,"node_id":"U_kgDOBuoLsQ","avatar_url":"https://avatars.githubusercontent.com/u/116001713?v=4","gravatar_id":"","url":"https://api.github.com/users/freshbdev","html_url":"https://github.com/freshbdev","followers_url":"https://api.github.com/users/freshbdev/followers","following_url":"https://api.github.com/users/freshbdev/following{/other_user}","gists_url":"https://api.github.com/users/freshbdev/gists{/gist_id}","starred_url":"https://api.github.com/users/freshbdev/starred{/owner}{/repo}","subscriptions_url":"https://api.github.com/users/freshbdev/subscriptions","organizations_url":"https://api.github.com/users/freshbdev/orgs","repos_url":"https://api.github.com/users/freshbdev/repos","events_url":"https://api.github.com/users/freshbdev/events{/privacy}","received_events_url":"https://api.github.com/users/freshbdev/received_events","type":"User","site_admin":false,"name":null,"company":null,"blog":"","location":null,"email":null,"hireable":null,"bio":null,"twitter_username":null,"public_repos":1,"public_gists":0,"followers":0,"following":0,"created_at":"2022-10-17T13:19:49Z","updated_at":"2022-10-17T13:21:59Z","private_gists":0,"total_private_repos":0,"owned_private_repos":0,"disk_usage":314,"collaborators":0,"two_factor_authentication":false,"plan":{"name":"free","space":976562499,"collaborators":0,"private_repos":10000}}
[info] 
[info] +  Success! Logged into GitHub as freshbdev 
[info] 
[debug] [2022-10-20T15:56:19.836Z] >>> [apiv2][query] GET https://api.github.com/repos/freshbdev/react-chat/actions/secrets/public-key type=owner
[debug] [2022-10-20T15:56:20.166Z] <<< [apiv2][status] GET https://api.github.com/repos/freshbdev/react-chat/actions/secrets/public-key 404
[debug] [2022-10-20T15:56:20.167Z] <<< [apiv2][body] GET https://api.github.com/repos/freshbdev/react-chat/actions/secrets/public-key {"message":"Not Found","documentation_url":"https://docs.github.com/rest/reference/actions#get-a-repository-public-key"}
[debug] [2022-10-20T15:56:22.260Z] >>> [apiv2][query] GET https://api.github.com/repos/freshbdev/react-chat/actions/secrets/public-key type=owner
[debug] [2022-10-20T15:56:22.670Z] <<< [apiv2][status] GET https://api.github.com/repos/freshbdev/react-chat/actions/secrets/public-key 404
[debug] [2022-10-20T15:56:22.671Z] <<< [apiv2][body] GET https://api.github.com/repos/freshbdev/react-chat/actions/secrets/public-key {"message":"Not Found","documentation_url":"https://docs.github.com/rest/reference/actions#get-a-repository-public-key"}
[debug] [2022-10-20T15:56:29.996Z] >>> [apiv2][query] GET https://api.github.com/repos/freshbdev/react-chat/actions/secrets/public-key type=owner
[debug] [2022-10-20T15:56:30.294Z] <<< [apiv2][status] GET https://api.github.com/repos/freshbdev/react-chat/actions/secrets/public-key 404
[debug] [2022-10-20T15:56:30.295Z] <<< [apiv2][body] GET https://api.github.com/repos/freshbdev/react-chat/actions/secrets/public-key {"message":"Not Found","documentation_url":"https://docs.github.com/rest/reference/actions#get-a-repository-public-key"}
[debug] [2022-10-20T15:56:35.171Z] >>> [apiv2][query] GET https://api.github.com/repos/freshbdev/reactchat/actions/secrets/public-key type=owner
[debug] [2022-10-20T15:56:35.489Z] <<< [apiv2][status] GET https://api.github.com/repos/freshbdev/reactchat/actions/secrets/public-key 404
[debug] [2022-10-20T15:56:35.490Z] <<< [apiv2][body] GET https://api.github.com/repos/freshbdev/reactchat/actions/secrets/public-key {"message":"Not Found","documentation_url":"https://docs.github.com/rest/reference/actions#get-a-repository-public-key"}
[debug] [2022-10-20T15:57:00.643Z] >>> [apiv2][query] GET https://api.github.com/repos/freshbdev/react-chat-firebase/actions/secrets/public-key type=owner
[debug] [2022-10-20T15:57:00.987Z] <<< [apiv2][status] GET https://api.github.com/repos/freshbdev/react-chat-firebase/actions/secrets/public-key 404
[debug] [2022-10-20T15:57:00.987Z] <<< [apiv2][body] GET https://api.github.com/repos/freshbdev/react-chat-firebase/actions/secrets/public-key {"message":"Not Found","documentation_url":"https://docs.github.com/rest/reference/actions#get-a-repository-public-key"}
